2026-03-18 18:17:01,604 - __main__ - INFO - Using device: cpu
2026-03-18 18:17:01,604 - __main__ - INFO - Loading data from ./data
2026-03-18 18:17:16,898 - __main__ - INFO - Using device: cpu
2026-03-18 18:17:16,898 - __main__ - INFO - Loading data from ./data
2026-03-18 18:17:17,153 - __main__ - INFO - Vocabulary size: 45
2026-03-18 18:17:17,153 - __main__ - INFO - Creating BiMamba model
2026-03-18 18:17:17,172 - __main__ - INFO - Total parameters: 3,908,097
2026-03-18 18:17:17,172 - __main__ - INFO - Trainable parameters: 3,908,097
2026-03-18 18:17:17,867 - __main__ - INFO - Starting training
2026-03-18 18:17:19,729 - __main__ - INFO - Epoch: 1/1 | Batch: 0/5 | Loss: nan
2026-03-18 18:17:43,092 - __main__ - INFO - Epoch 1/1 completed in 25.22s | Train Loss: nan | Val Loss: 0.000000
2026-03-18 18:17:43,172 - __main__ - INFO - Saved best model to ./checkpoints/TestData_bi_mamba_best.pt
2026-03-18 18:17:43,172 - __main__ - INFO - Training completed!
2026-03-18 18:50:54,407 - __main__ - INFO - 使用设备: cpu
2026-03-18 18:50:54,407 - __main__ - INFO - 从 ./data 加载数据
2026-03-18 18:50:54,666 - __main__ - INFO - 词汇表大小: 45
2026-03-18 18:50:54,666 - __main__ - INFO - 创建 BiMamba 模型
2026-03-18 18:50:54,685 - __main__ - INFO - 总参数数量: 3,908,097
2026-03-18 18:50:54,685 - __main__ - INFO - 可训练参数数量: 3,908,097
2026-03-18 18:50:55,318 - __main__ - INFO - 开始训练
2026-03-18 18:50:57,171 - __main__ - INFO - Epoch: 1/1 | Batch: 0/5 | Loss: nan
2026-03-18 18:51:20,508 - __main__ - INFO - Epoch 1/1 完成，耗时 25.19s | 训练损失: nan | 验证损失: 0.000000
2026-03-18 18:51:20,565 - __main__ - INFO - 保存最佳模型到 ./checkpoints/TestData_bi_mamba_best.pt
2026-03-18 18:51:20,565 - __main__ - INFO - 训练完成！
2026-03-18 20:50:22,291 - __main__ - INFO - 使用设备: cpu
2026-03-18 20:50:22,292 - __main__ - INFO - 从 ./data/ESOL 加载数据
2026-03-18 20:50:22,603 - __main__ - INFO - 词汇表大小: 45
2026-03-18 20:50:22,603 - __main__ - INFO - 创建 BiMamba 模型
2026-03-18 20:50:22,639 - __main__ - INFO - 总参数数量: 3,908,097
2026-03-18 20:50:22,640 - __main__ - INFO - 可训练参数数量: 3,908,097
2026-03-18 20:50:23,240 - __main__ - INFO - 开始训练
2026-03-18 20:50:26,577 - __main__ - INFO - Epoch: 1/5 | Batch: 0/5 | Loss: nan
2026-03-18 20:51:01,565 - __main__ - INFO - Epoch 1/5 完成，耗时 38.33s | 训练损失: nan | 验证损失: nan
2026-03-18 20:51:01,566 - __main__ - INFO -   验证 MAE: nan
2026-03-18 20:51:01,566 - __main__ - INFO -   验证 MSE: nan
2026-03-18 20:51:01,566 - __main__ - INFO -   验证 RMSE: nan
2026-03-18 20:51:04,949 - __main__ - INFO - Epoch: 2/5 | Batch: 0/5 | Loss: nan
2026-03-18 20:51:40,277 - __main__ - INFO - Epoch 2/5 完成，耗时 38.71s | 训练损失: nan | 验证损失: nan
2026-03-18 20:51:40,277 - __main__ - INFO -   验证 MAE: nan
2026-03-18 20:51:40,277 - __main__ - INFO -   验证 MSE: nan
2026-03-18 20:51:40,277 - __main__ - INFO -   验证 RMSE: nan
2026-03-18 20:51:43,780 - __main__ - INFO - Epoch: 3/5 | Batch: 0/5 | Loss: nan
2026-03-18 20:52:19,115 - __main__ - INFO - Epoch 3/5 完成，耗时 38.84s | 训练损失: nan | 验证损失: nan
2026-03-18 20:52:19,116 - __main__ - INFO -   验证 MAE: nan
2026-03-18 20:52:19,116 - __main__ - INFO -   验证 MSE: nan
2026-03-18 20:52:19,116 - __main__ - INFO -   验证 RMSE: nan
2026-03-18 20:52:22,475 - __main__ - INFO - Epoch: 4/5 | Batch: 0/5 | Loss: nan
2026-03-18 20:53:26,698 - __main__ - INFO - 使用设备: cpu
2026-03-18 20:53:26,699 - __main__ - INFO - 从 ./data/ESOL 加载数据
2026-03-18 20:53:27,022 - __main__ - INFO - 词汇表大小: 45
2026-03-18 20:53:27,022 - __main__ - INFO - 创建 BiMamba 模型
2026-03-18 20:53:27,039 - __main__ - INFO - 总参数数量: 3,908,097
2026-03-18 20:53:27,039 - __main__ - INFO - 可训练参数数量: 3,908,097
2026-03-18 20:53:27,669 - __main__ - INFO - 开始训练
2026-03-18 20:53:31,089 - __main__ - INFO - Epoch: 1/3 | Batch: 0/5 | Loss: nan
2026-03-18 20:54:06,425 - __main__ - INFO - Epoch 1/3 完成，耗时 38.76s | 训练损失: nan | 验证损失: nan
2026-03-18 20:54:06,426 - __main__ - INFO -   验证 MAE: nan
2026-03-18 20:54:06,426 - __main__ - INFO -   验证 MSE: nan
2026-03-18 20:54:06,426 - __main__ - INFO -   验证 RMSE: nan
2026-03-18 20:54:09,722 - __main__ - INFO - Epoch: 2/3 | Batch: 0/5 | Loss: nan
2026-03-18 20:54:44,688 - __main__ - INFO - Epoch 2/3 完成，耗时 38.26s | 训练损失: nan | 验证损失: nan
2026-03-18 20:54:44,689 - __main__ - INFO -   验证 MAE: nan
2026-03-18 20:54:44,690 - __main__ - INFO -   验证 MSE: nan
2026-03-18 20:54:44,690 - __main__ - INFO -   验证 RMSE: nan
2026-03-18 20:54:47,965 - __main__ - INFO - Epoch: 3/3 | Batch: 0/5 | Loss: nan
2026-03-18 20:55:22,998 - __main__ - INFO - Epoch 3/3 完成，耗时 38.31s | 训练损失: nan | 验证损失: nan
2026-03-18 20:55:23,000 - __main__ - INFO -   验证 MAE: nan
2026-03-18 20:55:23,000 - __main__ - INFO -   验证 MSE: nan
2026-03-18 20:55:23,000 - __main__ - INFO -   验证 RMSE: nan
2026-03-18 20:55:23,000 - __main__ - INFO - 在测试集上评估
2026-03-18 20:55:29,669 - __main__ - INFO - 测试结果:
2026-03-18 20:55:29,670 - __main__ - INFO -   LOSS: nan
2026-03-18 20:55:29,670 - __main__ - INFO -   MAE: nan
2026-03-18 20:55:29,670 - __main__ - INFO -   MSE: nan
2026-03-18 20:55:29,670 - __main__ - INFO -   RMSE: nan
2026-03-18 20:55:29,670 - __main__ - INFO - 训练完成！
2026-03-18 20:56:20,813 - __main__ - INFO - 使用设备: cpu
2026-03-18 20:56:20,813 - __main__ - INFO - 从 ./data/ESOL 加载数据
2026-03-18 20:56:21,142 - __main__ - INFO - 词汇表大小: 45
2026-03-18 20:56:21,143 - __main__ - INFO - 创建 BiMamba 模型
2026-03-18 20:56:21,159 - __main__ - INFO - 总参数数量: 3,908,097
2026-03-18 20:56:21,160 - __main__ - INFO - 可训练参数数量: 3,908,097
2026-03-18 20:56:21,810 - __main__ - INFO - 开始训练
2026-03-18 20:56:26,045 - __main__ - INFO - Epoch: 1/3 | Batch: 0/5 | Loss: 1.978948
2026-03-18 20:57:03,804 - __main__ - INFO - Epoch 1/3 完成，耗时 41.99s | 训练损失: nan | 验证损失: nan
2026-03-18 20:57:03,805 - __main__ - INFO -   验证 MAE: nan
2026-03-18 20:57:03,805 - __main__ - INFO -   验证 MSE: nan
2026-03-18 20:57:03,805 - __main__ - INFO -   验证 RMSE: nan
2026-03-18 20:57:08,032 - __main__ - INFO - Epoch: 2/3 | Batch: 0/5 | Loss: nan
2026-03-18 20:57:45,972 - __main__ - INFO - Epoch 2/3 完成，耗时 42.17s | 训练损失: nan | 验证损失: nan
2026-03-18 20:57:45,972 - __main__ - INFO -   验证 MAE: nan
2026-03-18 20:57:45,972 - __main__ - INFO -   验证 MSE: nan
2026-03-18 20:57:45,972 - __main__ - INFO -   验证 RMSE: nan
2026-03-18 20:57:50,132 - __main__ - INFO - Epoch: 3/3 | Batch: 0/5 | Loss: nan
2026-03-18 20:58:28,186 - __main__ - INFO - Epoch 3/3 完成，耗时 42.21s | 训练损失: nan | 验证损失: nan
2026-03-18 20:58:28,187 - __main__ - INFO -   验证 MAE: nan
2026-03-18 20:58:28,187 - __main__ - INFO -   验证 MSE: nan
2026-03-18 20:58:28,187 - __main__ - INFO -   验证 RMSE: nan
2026-03-18 20:58:28,187 - __main__ - INFO - 在测试集上评估
2026-03-18 20:58:35,045 - __main__ - INFO - 测试结果:
2026-03-18 20:58:35,046 - __main__ - INFO -   LOSS: nan
2026-03-18 20:58:35,046 - __main__ - INFO -   MAE: nan
2026-03-18 20:58:35,046 - __main__ - INFO -   MSE: nan
2026-03-18 20:58:35,046 - __main__ - INFO -   RMSE: nan
2026-03-18 20:58:35,046 - __main__ - INFO - 训练完成！
2026-03-18 20:59:08,226 - __main__ - INFO - 使用设备: cpu
2026-03-18 20:59:08,227 - __main__ - INFO - 从 ./data/ESOL 加载数据
2026-03-18 20:59:08,557 - __main__ - INFO - 词汇表大小: 45
2026-03-18 20:59:08,557 - __main__ - INFO - 创建 BiMamba 模型
2026-03-18 20:59:08,574 - __main__ - INFO - 总参数数量: 3,908,097
2026-03-18 20:59:08,574 - __main__ - INFO - 可训练参数数量: 3,908,097
2026-03-18 20:59:09,185 - __main__ - INFO - 开始训练
2026-03-18 20:59:13,398 - __main__ - INFO - Epoch: 1/3 | Batch: 0/5 | Loss: 1.978948
2026-03-18 20:59:50,953 - __main__ - INFO - Epoch 1/3 完成，耗时 41.77s | 训练损失: nan | 验证损失: nan
2026-03-18 20:59:50,953 - __main__ - INFO -   验证 MAE: nan
2026-03-18 20:59:50,953 - __main__ - INFO -   验证 MSE: nan
2026-03-18 20:59:50,953 - __main__ - INFO -   验证 RMSE: nan
2026-03-18 20:59:55,158 - __main__ - INFO - Epoch: 2/3 | Batch: 0/5 | Loss: nan
2026-03-18 21:00:33,015 - __main__ - INFO - Epoch 2/3 完成，耗时 42.06s | 训练损失: nan | 验证损失: nan
2026-03-18 21:00:33,015 - __main__ - INFO -   验证 MAE: nan
2026-03-18 21:00:33,015 - __main__ - INFO -   验证 MSE: nan
2026-03-18 21:00:33,015 - __main__ - INFO -   验证 RMSE: nan
2026-03-18 21:00:37,137 - __main__ - INFO - Epoch: 3/3 | Batch: 0/5 | Loss: nan
2026-03-18 21:01:15,070 - __main__ - INFO - Epoch 3/3 完成，耗时 42.05s | 训练损失: nan | 验证损失: nan
2026-03-18 21:01:15,071 - __main__ - INFO -   验证 MAE: nan
2026-03-18 21:01:15,071 - __main__ - INFO -   验证 MSE: nan
2026-03-18 21:01:15,071 - __main__ - INFO -   验证 RMSE: nan
2026-03-18 21:01:15,071 - __main__ - INFO - 在测试集上评估
2026-03-18 21:01:21,862 - __main__ - INFO - 测试结果:
2026-03-18 21:01:21,862 - __main__ - INFO -   LOSS: nan
2026-03-18 21:01:21,862 - __main__ - INFO -   MAE: nan
2026-03-18 21:01:21,862 - __main__ - INFO -   MSE: nan
2026-03-18 21:01:21,862 - __main__ - INFO -   RMSE: nan
2026-03-18 21:01:21,862 - __main__ - INFO - 训练完成！
2026-03-18 21:01:43,031 - __main__ - INFO - 使用设备: cpu
2026-03-18 21:01:43,031 - __main__ - INFO - 从 ./data/ESOL 加载数据
2026-03-18 21:01:43,440 - __main__ - INFO - 词汇表大小: 45
2026-03-18 21:01:43,448 - __main__ - INFO - 创建 BiMamba 模型
2026-03-18 21:01:43,465 - __main__ - INFO - 总参数数量: 3,908,097
2026-03-18 21:01:43,465 - __main__ - INFO - 可训练参数数量: 3,908,097
2026-03-18 21:01:44,116 - __main__ - INFO - 开始训练
2026-03-18 21:01:48,361 - __main__ - INFO - Epoch: 1/3 | Batch: 0/5 | Loss: 1.978948
2026-03-18 21:01:51,562 - __main__ - WARNING - Batch 1: 梯度包含 NaN，跳过此批次
2026-03-18 21:01:54,590 - __main__ - WARNING - Batch 2: 梯度包含 NaN，跳过此批次
2026-03-18 21:01:57,576 - __main__ - WARNING - Batch 3: 梯度包含 NaN，跳过此批次
2026-03-18 21:03:02,771 - __main__ - INFO - 使用设备: mps
2026-03-18 21:03:02,771 - __main__ - INFO - 从 ./data/ESOL 加载数据
2026-03-18 21:03:03,155 - __main__ - INFO - 词汇表大小: 45
2026-03-18 21:03:03,155 - __main__ - INFO - 创建 BiMamba 模型
2026-03-18 21:03:03,342 - __main__ - INFO - 总参数数量: 3,908,097
2026-03-18 21:03:03,342 - __main__ - INFO - 可训练参数数量: 3,908,097
2026-03-18 21:03:03,974 - __main__ - INFO - 开始训练
2026-03-18 21:03:13,246 - __main__ - INFO - Epoch: 1/3 | Batch: 0/3 | Loss: 2.550652
2026-03-18 21:03:38,681 - __main__ - INFO - Epoch 1/3 完成，耗时 34.71s | 训练损失: 3.166383 | 验证损失: 3.149447
2026-03-18 21:03:38,682 - __main__ - INFO -   验证 MAE: 1.577363
2026-03-18 21:03:38,682 - __main__ - INFO -   验证 MSE: 3.243804
2026-03-18 21:03:38,682 - __main__ - INFO -   验证 RMSE: 1.801056
2026-03-18 21:03:38,876 - __main__ - INFO - 保存最佳模型到 ./checkpoints/ESOL_bi_mamba_best.pt
2026-03-18 21:03:41,446 - __main__ - INFO - Epoch: 2/3 | Batch: 0/3 | Loss: 1.203668
2026-03-18 21:04:04,921 - __main__ - INFO - Epoch 2/3 完成，耗时 26.04s | 训练损失: 2.962774 | 验证损失: 3.208590
2026-03-18 21:04:04,922 - __main__ - INFO -   验证 MAE: 1.546757
2026-03-18 21:04:04,922 - __main__ - INFO -   验证 MSE: 3.137744
2026-03-18 21:04:04,922 - __main__ - INFO -   验证 RMSE: 1.771368
2026-03-18 21:04:07,266 - __main__ - INFO - Epoch: 3/3 | Batch: 0/3 | Loss: 2.414249
2026-03-18 21:04:30,770 - __main__ - INFO - Epoch 3/3 完成，耗时 25.85s | 训练损失: 1.996267 | 验证损失: 3.009855
2026-03-18 21:04:30,771 - __main__ - INFO -   验证 MAE: 1.510723
2026-03-18 21:04:30,771 - __main__ - INFO -   验证 MSE: 3.020807
2026-03-18 21:04:30,771 - __main__ - INFO -   验证 RMSE: 1.738047
2026-03-18 21:04:30,936 - __main__ - INFO - 保存最佳模型到 ./checkpoints/ESOL_bi_mamba_best.pt
2026-03-18 21:04:30,936 - __main__ - INFO - 在测试集上评估
2026-03-18 21:04:37,335 - __main__ - INFO - 测试结果:
2026-03-18 21:04:37,335 - __main__ - INFO -   LOSS: 2.246505
2026-03-18 21:04:37,335 - __main__ - INFO -   MAE: 1.033261
2026-03-18 21:04:37,335 - __main__ - INFO -   MSE: 2.128253
2026-03-18 21:04:37,335 - __main__ - INFO -   RMSE: 1.458853
2026-03-18 21:04:37,335 - __main__ - INFO - 训练完成！
2026-03-18 21:05:01,993 - __main__ - INFO - 使用设备: mps
2026-03-18 21:05:01,993 - __main__ - INFO - 从 ./data/BBBP 加载数据
2026-03-18 21:05:02,259 - __main__ - INFO - 词汇表大小: 45
2026-03-18 21:05:02,259 - __main__ - INFO - 创建 BiMamba 模型
2026-03-18 21:05:02,314 - __main__ - INFO - 总参数数量: 3,908,097
2026-03-18 21:05:02,314 - __main__ - INFO - 可训练参数数量: 3,908,097
2026-03-18 21:05:02,925 - __main__ - INFO - 开始训练
2026-03-18 21:05:05,709 - __main__ - INFO - Epoch: 1/3 | Batch: 0/3 | Loss: 0.689788
2026-03-18 21:05:31,127 - __main__ - INFO - Epoch 1/3 完成，耗时 28.20s | 训练损失: 0.689557 | 验证损失: 0.670851
2026-03-18 21:05:31,128 - __main__ - INFO -   验证 AUC: 0.916667
2026-03-18 21:05:31,128 - __main__ - INFO -   验证 ACCURACY: 0.875000
2026-03-18 21:05:31,290 - __main__ - INFO - 保存最佳模型到 ./checkpoints/BBBP_bi_mamba_best.pt
2026-03-18 21:05:33,744 - __main__ - INFO - Epoch: 2/3 | Batch: 0/3 | Loss: 0.682674
2026-03-18 21:05:57,116 - __main__ - INFO - Epoch 2/3 完成，耗时 25.83s | 训练损失: 0.695135 | 验证损失: 0.693610
2026-03-18 21:05:57,117 - __main__ - INFO -   验证 AUC: 0.416667
2026-03-18 21:05:57,117 - __main__ - INFO -   验证 ACCURACY: 0.500000
2026-03-18 21:05:59,624 - __main__ - INFO - Epoch: 3/3 | Batch: 0/3 | Loss: 0.688861
2026-03-18 21:06:22,979 - __main__ - INFO - Epoch 3/3 完成，耗时 25.86s | 训练损失: 0.695021 | 验证损失: 0.670941
2026-03-18 21:06:22,980 - __main__ - INFO -   验证 AUC: 0.250000
2026-03-18 21:06:22,980 - __main__ - INFO -   验证 ACCURACY: 0.750000
2026-03-18 21:06:22,980 - __main__ - INFO - 在测试集上评估
2026-03-18 21:06:29,085 - __main__ - INFO - 测试结果:
2026-03-18 21:06:29,085 - __main__ - INFO -   LOSS: 0.697150
2026-03-18 21:06:29,085 - __main__ - INFO -   AUC: 0.375000
2026-03-18 21:06:29,085 - __main__ - INFO -   ACCURACY: 0.500000
2026-03-18 21:06:29,085 - __main__ - INFO - 训练完成！
